\BOOKMARK [1][-]{section.1}{Introduction}{}% 1
\BOOKMARK [1][-]{section.2}{Mathematical Modeling}{}% 2
\BOOKMARK [2][-]{subsection.2.1}{A Simple Cellular Circadian Oscillator}{section.2}% 3
\BOOKMARK [3][-]{subsubsection.2.1.1}{Deterministic Version}{subsection.2.1}% 4
\BOOKMARK [3][-]{subsubsection.2.1.2}{Stochastic \(Microscopic\) Version}{subsection.2.1}% 5
\BOOKMARK [2][-]{subsection.2.2}{Stability Analysis and Choice of Parameters for Single Cell Oscillator Model}{section.2}% 6
\BOOKMARK [2][-]{subsection.2.3}{Multi-Cellular Oscillator}{section.2}% 7
\BOOKMARK [3][-]{subsubsection.2.3.1}{Direct flow of protein}{subsection.2.3}% 8
\BOOKMARK [3][-]{subsubsection.2.3.2}{Direct Diffusion with ECF}{subsection.2.3}% 9
\BOOKMARK [3][-]{subsubsection.2.3.3}{Positive Feedback Transposition with ECF}{subsection.2.3}% 10
\BOOKMARK [1][-]{section.3}{Results}{}% 11
\BOOKMARK [2][-]{subsection.3.1}{A Single Cellular Oscillator}{section.3}% 12
\BOOKMARK [2][-]{subsection.3.2}{Two cellular oscillators with direct flow of protein}{section.3}% 13
\BOOKMARK [3][-]{subsubsection.3.2.1}{Two cells with only phase difference}{subsection.3.2}% 14
\BOOKMARK [3][-]{subsubsection.3.2.2}{Two cells with different oscillating periods}{subsection.3.2}% 15
\BOOKMARK [2][-]{subsection.3.3}{Multi-cellular oscillators with direct diffusion \(ECF\)}{section.3}% 16
\BOOKMARK [3][-]{subsubsection.3.3.1}{Unstable to Stable}{subsection.3.3}% 17
\BOOKMARK [3][-]{subsubsection.3.3.2}{Stable to Stable}{subsection.3.3}% 18
\BOOKMARK [3][-]{subsubsection.3.3.3}{Unstable to Unstable}{subsection.3.3}% 19
\BOOKMARK [3][-]{subsubsection.3.3.4}{Set of Eigenvalues with changing ECF}{subsection.3.3}% 20
\BOOKMARK [2][-]{subsection.3.4}{Positive Feedback Transposition with ECF}{section.3}% 21
\BOOKMARK [3][-]{subsubsection.3.4.1}{Unstable to Stable}{subsection.3.4}% 22
\BOOKMARK [3][-]{subsubsection.3.4.2}{Unstable to Unstable}{subsection.3.4}% 23
\BOOKMARK [1][-]{section.4}{Future studies}{}% 24
\BOOKMARK [1][-]{section.5}{Acknowledgement}{}% 25
